Searching for MySQL-python
Reading https://pypi.python.org/simple/MySQL-python/
Best match: MySQL-python 1.2.5
Downloading https://pypi.python.org/packages/a5/e9/51b544da85a36a68debe7a7091f068d802fc515a3a202652828c73453cad/MySQL-python-1.2.5.zip#md5=654f75b302db6ed8dc5a898c625e030c
Processing MySQL-python-1.2.5.zip
Writing /var/folders/wy/y9vt41x90s901jrgbb6yml380000gn/T/easy_install-NWGGmI/MySQL-python-1.2.5/setup.cfg
Running MySQL-python-1.2.5/setup.py -q bdist_egg --dist-dir /var/folders/wy/y9vt41x90s901jrgbb6yml380000gn/T/easy_install-NWGGmI/MySQL-python-1.2.5/egg-dist-tmp-jxvxmU
In file included from _mysql.c:44:
/usr/local/Cellar/mysql/5.6.22/include/mysql/my_config.h:348:11: warning: 'SIZEOF_SIZE_T' macro redefined [-Wmacro-redefined]
  #define SIZEOF_SIZE_T  SIZEOF_LONG
          ^
/Users/joeldunham/.pyenv/versions/2.7.6/include/python2.7/pymacconfig.h:43:17: note: previous definition is here
#        define SIZEOF_SIZE_T           8
                ^
In file included from _mysql.c:44:
/usr/local/Cellar/mysql/5.6.22/include/mysql/my_config.h:442:9: warning: 'HAVE_WCSCOLL' macro redefined [-Wmacro-redefined]
#define HAVE_WCSCOLL
        ^
/Users/joeldunham/.pyenv/versions/2.7.6/include/python2.7/pyconfig.h:908:9: note: previous definition is here
#define HAVE_WCSCOLL 1
        ^
_mysql.c:1589:10: warning: comparison of unsigned expression < 0 is always false [-Wtautological-compare]
        if (how < 0 || how >= sizeof(row_converters)) {
            ~~~ ^ ~
3 warnings generated.
ld: file not found: python.exe
clang: error: linker command failed with exit code 1 (use -v to see invocation)
error: Setup script exited with error: command 'clang' failed with exit status 1
